<?xml version="1.0" encoding="UTF-8"?>
<!-- Generated by org.testng.reporters.JUnitReportReporter -->
<testsuite hostname="sysadm-Latitude-5480" failures="0" tests="3" name="com.crm.qa.testcases.LoginPageTest" time="29.811" errors="0" timestamp="2021-03-13T17:37:45 IST" skipped="0">
  <testcase classname="com.crm.qa.testcases.LoginPageTest" name="loginPageTitleTest" time="7.688"/>
  <system-out/>
  <testcase classname="com.crm.qa.testcases.LoginPageTest" name="logoImageTest" time="7.432"/>
  <system-out/>
  <testcase classname="com.crm.qa.testcases.LoginPageTest" name="loginTest" time="14.691"/>
  <system-out/>
</testsuite> <!-- com.crm.qa.testcases.LoginPageTest -->
