<?xml version="1.0" encoding="UTF-8"?>
<!-- Generated by org.testng.reporters.JUnitReportReporter -->
<testsuite hostname="sysadm-Latitude-5480" failures="0" tests="3" name="com.crm.qa.testcases.HomePageTest" time="51.753" errors="0" timestamp="2021-02-24T23:54:17 IST" skipped="0">
  <testcase classname="com.crm.qa.testcases.HomePageTest" name="verifyHomepageTitleTest" time="15.397"/>
  <system-out/>
  <testcase classname="com.crm.qa.testcases.HomePageTest" name="VerifyUserLabelTest" time="16.303"/>
  <system-out/>
  <testcase classname="com.crm.qa.testcases.HomePageTest" name="VerifyContactLinkTest" time="20.053"/>
  <system-out/>
</testsuite> <!-- com.crm.qa.testcases.HomePageTest -->
