<?xml version="1.0" encoding="UTF-8"?>
<!-- Generated by org.testng.reporters.JUnitReportReporter -->
<testsuite hostname="sysadm-Latitude-5480" failures="0" tests="3" name="com.crm.qa.testcases.LoginPageTest" time="31.394" errors="0" timestamp="2021-02-23T00:02:48 IST" skipped="0">
  <testcase classname="com.crm.qa.testcases.LoginPageTest" name="loginPageTitleTest" time="9.294"/>
  <system-out/>
  <testcase classname="com.crm.qa.testcases.LoginPageTest" name="logoImageTest" time="7.151"/>
  <system-out/>
  <testcase classname="com.crm.qa.testcases.LoginPageTest" name="loginTest" time="14.949"/>
  <system-out/>
</testsuite> <!-- com.crm.qa.testcases.LoginPageTest -->
